  Game.c
D:\ZJ_Code\Project\TripleChess\game.h(7,27): error C2143: 语法错误: 缺少“]”(在“;”的前面)
D:\ZJ_Code\Project\TripleChess\game.h(7,27): error C2143: 语法错误: 缺少“)”(在“;”的前面)
D:\ZJ_Code\Project\TripleChess\game.h(7,30): error C2059: 语法错误:“]”
D:\ZJ_Code\Project\TripleChess\game.h(7,35): error C2059: 语法错误:“]”
D:\ZJ_Code\Project\TripleChess\game.h(7,54): error C2059: 语法错误:“)”
D:\ZJ_Code\Project\TripleChess\Game.c(3,27): error C2143: 语法错误: 缺少“]”(在“;”的前面)
D:\ZJ_Code\Project\TripleChess\Game.c(3,27): error C2143: 语法错误: 缺少“)”(在“;”的前面)
D:\ZJ_Code\Project\TripleChess\Game.c(3,30): error C2059: 语法错误:“]”
D:\ZJ_Code\Project\TripleChess\Game.c(3,35): error C2059: 语法错误:“]”
  Test.c
D:\ZJ_Code\Project\TripleChess\Game.c(3,54): error C2059: 语法错误:“)”
D:\ZJ_Code\Project\TripleChess\game.h(7,27): error C2143: 语法错误: 缺少“]”(在“;”的前面)
D:\ZJ_Code\Project\TripleChess\game.h(7,27): error C2143: 语法错误: 缺少“)”(在“;”的前面)
D:\ZJ_Code\Project\TripleChess\game.h(7,30): error C2059: 语法错误:“]”
D:\ZJ_Code\Project\TripleChess\game.h(7,35): error C2059: 语法错误:“]”
D:\ZJ_Code\Project\TripleChess\game.h(7,54): error C2059: 语法错误:“)”
D:\ZJ_Code\Project\TripleChess\Test.c(12,9): error C2143: 语法错误: 缺少“]”(在“;”的前面)
D:\ZJ_Code\Project\TripleChess\Test.c(12,12): error C2143: 语法错误: 缺少“;”(在“]”的前面)
D:\ZJ_Code\Project\TripleChess\Test.c(12,17): error C2143: 语法错误: 缺少“;”(在“]”的前面)
D:\ZJ_Code\Project\TripleChess\Test.c(13,13): warning C4133: “函数”: 从“int [3]”到“char *”的类型不兼容
D:\ZJ_Code\Project\TripleChess\Test.c(13,14): warning C4020: “InitBoard”: 实参太多
D:\ZJ_Code\Project\TripleChess\Test.c(13,14): error C2143: 语法错误: 缺少“)”(在“;”的前面)
D:\ZJ_Code\Project\TripleChess\Test.c(13,17): error C2143: 语法错误: 缺少“;”(在“,”的前面)
  正在生成代码...
D:\ZJ_Code\Project\TripleChess\Test.c(13,21): error C2059: 语法错误:“)”
