  Game.c
D:\VS2019\VS\VC\Tools\MSVC\14.23.28105\include\xtr1common(15,1): error C2061: 语法错误: 标识符“std”
D:\VS2019\VS\VC\Tools\MSVC\14.23.28105\include\xtr1common(15,1): error C2059: 语法错误:“;”
D:\VS2019\VS\VC\Tools\MSVC\14.23.28105\include\xtr1common(15,1): error C2449: 在文件范围内找到“{”(是否缺少函数头?)
D:\VS2019\VS\VC\Tools\MSVC\14.23.28105\include\xtr1common(233,1): error C2059: 语法错误:“}”
D:\VS2019\VS\VC\Tools\MSVC\14.23.28105\include\type_traits(421,33): error C4233: 使用了非标准扩展: 仅在 C++ 中支持“__is_union”关键字，C 中不支持
D:\VS2019\VS\VC\Tools\MSVC\14.23.28105\include\type_traits(424,41): error C4233: 使用了非标准扩展: 仅在 C++ 中支持“__is_union”关键字，C 中不支持
D:\VS2019\VS\VC\Tools\MSVC\14.23.28105\include\type_traits(428,33): error C4233: 使用了非标准扩展: 仅在 C++ 中支持“__is_class”关键字，C 中不支持
D:\VS2019\VS\VC\Tools\MSVC\14.23.28105\include\type_traits(431,41): error C4233: 使用了非标准扩展: 仅在 C++ 中支持“__is_class”关键字，C 中不支持
D:\VS2019\VS\VC\Tools\MSVC\14.23.28105\include\type_traits(449,39): error C4233: 使用了非标准扩展: 仅在 C++ 中支持“__is_convertible_to”关键字，C 中不支持
D:\VS2019\VS\VC\Tools\MSVC\14.23.28105\include\type_traits(454,47): error C4233: 使用了非标准扩展: 仅在 C++ 中支持“__is_convertible_to”关键字，C 中不支持
D:\VS2019\VS\VC\Tools\MSVC\14.23.28105\include\type_traits(458,32): error C4233: 使用了非标准扩展: 仅在 C++ 中支持“__is_enum”关键字，C 中不支持
D:\VS2019\VS\VC\Tools\MSVC\14.23.28105\include\type_traits(461,40): error C4233: 使用了非标准扩展: 仅在 C++ 中支持“__is_enum”关键字，C 中不支持
D:\VS2019\VS\VC\Tools\MSVC\14.23.28105\include\type_traits(507,31): error C4233: 使用了非标准扩展: 仅在 C++ 中支持“__is_pod”关键字，C 中不支持
D:\VS2019\VS\VC\Tools\MSVC\14.23.28105\include\type_traits(510,39): error C4233: 使用了非标准扩展: 仅在 C++ 中支持“__is_pod”关键字，C 中不支持
D:\VS2019\VS\VC\Tools\MSVC\14.23.28105\include\type_traits(514,33): error C4233: 使用了非标准扩展: 仅在 C++ 中支持“__is_empty”关键字，C 中不支持
D:\VS2019\VS\VC\Tools\MSVC\14.23.28105\include\type_traits(517,41): error C4233: 使用了非标准扩展: 仅在 C++ 中支持“__is_empty”关键字，C 中不支持
D:\VS2019\VS\VC\Tools\MSVC\14.23.28105\include\type_traits(521,39): error C4233: 使用了非标准扩展: 仅在 C++ 中支持“__is_polymorphic”关键字，C 中不支持
D:\VS2019\VS\VC\Tools\MSVC\14.23.28105\include\type_traits(524,47): error C4233: 使用了非标准扩展: 仅在 C++ 中支持“__is_polymorphic”关键字，C 中不支持
D:\VS2019\VS\VC\Tools\MSVC\14.23.28105\include\type_traits(528,36): error C4233: 使用了非标准扩展: 仅在 C++ 中支持“__is_abstract”关键字，C 中不支持
D:\VS2019\VS\VC\Tools\MSVC\14.23.28105\include\type_traits(531,44): error C4233: 使用了非标准扩展: 仅在 C++ 中支持“__is_abstract”关键字，C 中不支持
D:\VS2019\VS\VC\Tools\MSVC\14.23.28105\include\type_traits(535,33): error C4233: 使用了非标准扩展: 仅在 C++ 中支持“__is_final”关键字，C 中不支持
D:\VS2019\VS\VC\Tools\MSVC\14.23.28105\include\type_traits(538,41): error C4233: 使用了非标准扩展: 仅在 C++ 中支持“__is_final”关键字，C 中不支持
D:\VS2019\VS\VC\Tools\MSVC\14.23.28105\include\type_traits(542,43): error C4233: 使用了非标准扩展: 仅在 C++ 中支持“__is_standard_layout”关键字，C 中不支持
D:\VS2019\VS\VC\Tools\MSVC\14.23.28105\include\type_traits(545,51): error C4233: 使用了非标准扩展: 仅在 C++ 中支持“__is_standard_layout”关键字，C 中不支持
D:\VS2019\VS\VC\Tools\MSVC\14.23.28105\include\type_traits(549,73): error C4233: 使用了非标准扩展: 仅在 C++ 中支持“__is_literal_type”关键字，C 中不支持
D:\VS2019\VS\VC\Tools\MSVC\14.23.28105\include\type_traits(554,81): error C4233: 使用了非标准扩展: 仅在 C++ 中支持“__is_literal_type”关键字，C 中不支持
D:\VS2019\VS\VC\Tools\MSVC\14.23.28105\include\type_traits(559,35): error C4233: 使用了非标准扩展: 仅在 C++ 中支持“__is_trivially_constructible”关键字，C 中不支持
D:\VS2019\VS\VC\Tools\MSVC\14.23.28105\include\type_traits(559,72): error C4233: 使用了非标准扩展: 仅在 C++ 中支持“__is_trivially_copyable”关键字，C 中不支持
D:\VS2019\VS\VC\Tools\MSVC\14.23.28105\include\type_traits(564,43): error C4233: 使用了非标准扩展: 仅在 C++ 中支持“__is_trivially_constructible”关键字，C 中不支持
D:\VS2019\VS\VC\Tools\MSVC\14.23.28105\include\type_traits(564,80): error C4233: 使用了非标准扩展: 仅在 C++ 中支持“__is_trivially_copyable”关键字，C 中不支持
D:\VS2019\VS\VC\Tools\MSVC\14.23.28105\include\type_traits(575,46): error C4233: 使用了非标准扩展: 仅在 C++ 中支持“__is_trivially_copyable”关键字，C 中不支持
D:\VS2019\VS\VC\Tools\MSVC\14.23.28105\include\type_traits(580,54): error C4233: 使用了非标准扩展: 仅在 C++ 中支持“__is_trivially_copyable”关键字，C 中不支持
D:\VS2019\VS\VC\Tools\MSVC\14.23.28105\include\type_traits(584,47): error C4233: 使用了非标准扩展: 仅在 C++ 中支持“__has_virtual_destructor”关键字，C 中不支持
D:\VS2019\VS\VC\Tools\MSVC\14.23.28105\include\type_traits(589,55): error C4233: 使用了非标准扩展: 仅在 C++ 中支持“__has_virtual_destructor”关键字，C 中不支持
D:\VS2019\VS\VC\Tools\MSVC\14.23.28105\include\type_traits(612,41): error C4233: 使用了非标准扩展: 仅在 C++ 中支持“__is_constructible”关键字，C 中不支持
D:\VS2019\VS\VC\Tools\MSVC\14.23.28105\include\type_traits(617,49): error C4233: 使用了非标准扩展: 仅在 C++ 中支持“__is_constructible”关键字，C 中不支持
D:\VS2019\VS\VC\Tools\MSVC\14.23.28105\include\type_traits(621,46): error C4233: 使用了非标准扩展: 仅在 C++ 中支持“__is_constructible”关键字，C 中不支持
D:\VS2019\VS\VC\Tools\MSVC\14.23.28105\include\type_traits(626,54): error C4233: 使用了非标准扩展: 仅在 C++ 中支持“__is_constructible”关键字，C 中不支持
D:\VS2019\VS\VC\Tools\MSVC\14.23.28105\include\type_traits(630,49): error C4233: 使用了非标准扩展: 仅在 C++ 中支持“__is_constructible”关键字，C 中不支持
D:\VS2019\VS\VC\Tools\MSVC\14.23.28105\include\type_traits(635,57): error C4233: 使用了非标准扩展: 仅在 C++ 中支持“__is_constructible”关键字，C 中不支持
D:\VS2019\VS\VC\Tools\MSVC\14.23.28105\include\type_traits(652,46): error C4233: 使用了非标准扩展: 仅在 C++ 中支持“__is_constructible”关键字，C 中不支持
D:\VS2019\VS\VC\Tools\MSVC\14.23.28105\include\type_traits(657,54): error C4233: 使用了非标准扩展: 仅在 C++ 中支持“__is_constructible”关键字，C 中不支持
D:\VS2019\VS\VC\Tools\MSVC\14.23.28105\include\type_traits(661,38): error C4233: 使用了非标准扩展: 仅在 C++ 中支持“__is_assignable”关键字，C 中不支持
D:\VS2019\VS\VC\Tools\MSVC\14.23.28105\include\type_traits(664,46): error C4233: 使用了非标准扩展: 仅在 C++ 中支持“__is_assignable”关键字，C 中不支持
D:\VS2019\VS\VC\Tools\MSVC\14.23.28105\include\type_traits(669,21): error C4233: 使用了非标准扩展: 仅在 C++ 中支持“__is_assignable”关键字，C 中不支持
D:\VS2019\VS\VC\Tools\MSVC\14.23.28105\include\type_traits(674,51): error C4233: 使用了非标准扩展: 仅在 C++ 中支持“__is_assignable”关键字，C 中不支持
D:\VS2019\VS\VC\Tools\MSVC\14.23.28105\include\type_traits(680,21): error C4233: 使用了非标准扩展: 仅在 C++ 中支持“__is_assignable_no_precondition_check”关键字，C 中不支持
D:\VS2019\VS\VC\Tools\MSVC\14.23.28105\include\type_traits(684,62): error C4233: 使用了非标准扩展: 仅在 C++ 中支持“__is_assignable_no_precondition_check”关键字，C 中不支持
D:\VS2019\VS\VC\Tools\MSVC\14.23.28105\include\type_traits(696,43): error C4233: 使用了非标准扩展: 仅在 C++ 中支持“__is_assignable”关键字，C 中不支持
D:\VS2019\VS\VC\Tools\MSVC\14.23.28105\include\type_traits(701,51): error C4233: 使用了非标准扩展: 仅在 C++ 中支持“__is_assignable”关键字，C 中不支持
D:\VS2019\VS\VC\Tools\MSVC\14.23.28105\include\type_traits(706,21): error C4233: 使用了非标准扩展: 仅在 C++ 中支持“__is_assignable_no_precondition_check”关键字，C 中不支持
D:\VS2019\VS\VC\Tools\MSVC\14.23.28105\include\type_traits(709,62): error C4233: 使用了非标准扩展: 仅在 C++ 中支持“__is_assignable_no_precondition_check”关键字，C 中不支持
D:\VS2019\VS\VC\Tools\MSVC\14.23.28105\include\type_traits(721,40): error C4233: 使用了非标准扩展: 仅在 C++ 中支持“__is_destructible”关键字，C 中不支持
D:\VS2019\VS\VC\Tools\MSVC\14.23.28105\include\type_traits(726,48): error C4233: 使用了非标准扩展: 仅在 C++ 中支持“__is_destructible”关键字，C 中不支持
D:\VS2019\VS\VC\Tools\MSVC\14.23.28105\include\type_traits(731,51): error C4233: 使用了非标准扩展: 仅在 C++ 中支持“__is_trivially_constructible”关键字，C 中不支持
D:\VS2019\VS\VC\Tools\MSVC\14.23.28105\include\type_traits(736,59): error C4233: 使用了非标准扩展: 仅在 C++ 中支持“__is_trivially_constructible”关键字，C 中不支持
D:\VS2019\VS\VC\Tools\MSVC\14.23.28105\include\type_traits(741,21): error C4233: 使用了非标准扩展: 仅在 C++ 中支持“__is_trivially_constructible”关键字，C 中不支持
D:\VS2019\VS\VC\Tools\MSVC\14.23.28105\include\type_traits(746,64): error C4233: 使用了非标准扩展: 仅在 C++ 中支持“__is_trivially_constructible”关键字，C 中不支持
D:\VS2019\VS\VC\Tools\MSVC\14.23.28105\include\type_traits(751,59): error C4233: 使用了非标准扩展: 仅在 C++ 中支持“__is_trivially_constructible”关键字，C 中不支持
D:\VS2019\VS\VC\Tools\MSVC\14.23.28105\include\type_traits(756,67): error C4233: 使用了非标准扩展: 仅在 C++ 中支持“__is_trivially_constructible”关键字，C 中不支持
D:\VS2019\VS\VC\Tools\MSVC\14.23.28105\include\type_traits(760,56): error C4233: 使用了非标准扩展: 仅在 C++ 中支持“__is_trivially_constructible”关键字，C 中不支持
D:\VS2019\VS\VC\Tools\MSVC\14.23.28105\include\type_traits(765,64): error C4233: 使用了非标准扩展: 仅在 C++ 中支持“__is_trivially_constructible”关键字，C 中不支持
D:\VS2019\VS\VC\Tools\MSVC\14.23.28105\include\type_traits(769,48): error C4233: 使用了非标准扩展: 仅在 C++ 中支持“__is_trivially_assignable”关键字，C 中不支持
D:\VS2019\VS\VC\Tools\MSVC\14.23.28105\include\type_traits(774,56): error C4233: 使用了非标准扩展: 仅在 C++ 中支持“__is_trivially_assignable”关键字，C 中不支持
D:\VS2019\VS\VC\Tools\MSVC\14.23.28105\include\type_traits(779,21): error C4233: 使用了非标准扩展: 仅在 C++ 中支持“__is_trivially_assignable”关键字，C 中不支持
D:\VS2019\VS\VC\Tools\MSVC\14.23.28105\include\type_traits(784,61): error C4233: 使用了非标准扩展: 仅在 C++ 中支持“__is_trivially_assignable”关键字，C 中不支持
D:\VS2019\VS\VC\Tools\MSVC\14.23.28105\include\type_traits(789,53): error C4233: 使用了非标准扩展: 仅在 C++ 中支持“__is_trivially_assignable”关键字，C 中不支持
D:\VS2019\VS\VC\Tools\MSVC\14.23.28105\include\type_traits(794,61): error C4233: 使用了非标准扩展: 仅在 C++ 中支持“__is_trivially_assignable”关键字，C 中不支持
D:\VS2019\VS\VC\Tools\MSVC\14.23.28105\include\type_traits(798,50): error C4233: 使用了非标准扩展: 仅在 C++ 中支持“__is_trivially_destructible”关键字，C 中不支持
D:\VS2019\VS\VC\Tools\MSVC\14.23.28105\include\type_traits(803,58): error C4233: 使用了非标准扩展: 仅在 C++ 中支持“__is_trivially_destructible”关键字，C 中不支持
D:\VS2019\VS\VC\Tools\MSVC\14.23.28105\include\type_traits(808,49): error C4233: 使用了非标准扩展: 仅在 C++ 中支持“__is_nothrow_constructible”关键字，C 中不支持
D:\VS2019\VS\VC\Tools\MSVC\14.23.28105\include\type_traits(813,57): error C4233: 使用了非标准扩展: 仅在 C++ 中支持“__is_nothrow_constructible”关键字，C 中不支持
D:\VS2019\VS\VC\Tools\MSVC\14.23.28105\include\type_traits(818,21): error C4233: 使用了非标准扩展: 仅在 C++ 中支持“__is_nothrow_constructible”关键字，C 中不支持
D:\VS2019\VS\VC\Tools\MSVC\14.23.28105\include\type_traits(824,62): error C4233: 使用了非标准扩展: 仅在 C++ 中支持“__is_nothrow_constructible”关键字，C 中不支持
D:\VS2019\VS\VC\Tools\MSVC\14.23.28105\include\type_traits(829,57): error C4233: 使用了非标准扩展: 仅在 C++ 中支持“__is_nothrow_constructible”关键字，C 中不支持
D:\VS2019\VS\VC\Tools\MSVC\14.23.28105\include\type_traits(834,65): error C4233: 使用了非标准扩展: 仅在 C++ 中支持“__is_nothrow_constructible”关键字，C 中不支持
D:\VS2019\VS\VC\Tools\MSVC\14.23.28105\include\type_traits(838,54): error C4233: 使用了非标准扩展: 仅在 C++ 中支持“__is_nothrow_constructible”关键字，C 中不支持
D:\VS2019\VS\VC\Tools\MSVC\14.23.28105\include\type_traits(843,62): error C4233: 使用了非标准扩展: 仅在 C++ 中支持“__is_nothrow_constructible”关键字，C 中不支持
D:\VS2019\VS\VC\Tools\MSVC\14.23.28105\include\type_traits(847,46): error C4233: 使用了非标准扩展: 仅在 C++ 中支持“__is_nothrow_assignable”关键字，C 中不支持
D:\VS2019\VS\VC\Tools\MSVC\14.23.28105\include\type_traits(852,54): error C4233: 使用了非标准扩展: 仅在 C++ 中支持“__is_nothrow_assignable”关键字，C 中不支持
D:\VS2019\VS\VC\Tools\MSVC\14.23.28105\include\type_traits(857,21): error C4233: 使用了非标准扩展: 仅在 C++ 中支持“__is_nothrow_assignable”关键字，C 中不支持
D:\VS2019\VS\VC\Tools\MSVC\14.23.28105\include\type_traits(862,59): error C4233: 使用了非标准扩展: 仅在 C++ 中支持“__is_nothrow_assignable”关键字，C 中不支持
D:\VS2019\VS\VC\Tools\MSVC\14.23.28105\include\type_traits(867,51): error C4233: 使用了非标准扩展: 仅在 C++ 中支持“__is_nothrow_assignable”关键字，C 中不支持
D:\VS2019\VS\VC\Tools\MSVC\14.23.28105\include\type_traits(872,59): error C4233: 使用了非标准扩展: 仅在 C++ 中支持“__is_nothrow_assignable”关键字，C 中不支持
D:\VS2019\VS\VC\Tools\MSVC\14.23.28105\include\type_traits(876,48): error C4233: 使用了非标准扩展: 仅在 C++ 中支持“__is_nothrow_destructible”关键字，C 中不支持
D:\VS2019\VS\VC\Tools\MSVC\14.23.28105\include\type_traits(882,56): error C4233: 使用了非标准扩展: 仅在 C++ 中支持“__is_nothrow_destructible”关键字，C 中不支持
D:\VS2019\VS\VC\Tools\MSVC\14.23.28105\include\type_traits(1130,18): error C4233: 使用了非标准扩展: 仅在 C++ 中支持“__underlying_type”关键字，C 中不支持
D:\VS2019\VS\VC\Tools\MSVC\14.23.28105\include\type_traits(1167,35): error C4233: 使用了非标准扩展: 仅在 C++ 中支持“__is_base_of”关键字，C 中不支持
D:\VS2019\VS\VC\Tools\MSVC\14.23.28105\include\type_traits(1172,43): error C4233: 使用了非标准扩展: 仅在 C++ 中支持“__is_base_of”关键字，C 中不支持
D:\VS2019\VS\VC\Tools\MSVC\14.23.28105\include\iosfwd(177,54): warning C4157: C 编译器忽略了杂注
D:\VS2019\VS\VC\Tools\MSVC\14.23.28105\include\iosfwd(182,50): warning C4157: C 编译器忽略了杂注
  Test.c
D:\ZJ_Code\Project\TripleChess\Game.c(3,1): fatal error C1004: 发现意外的文件尾
D:\VS2019\VS\VC\Tools\MSVC\14.23.28105\include\xtr1common(15,1): error C2061: 语法错误: 标识符“std”
D:\VS2019\VS\VC\Tools\MSVC\14.23.28105\include\xtr1common(15,1): error C2059: 语法错误:“;”
D:\VS2019\VS\VC\Tools\MSVC\14.23.28105\include\xtr1common(15,1): error C2449: 在文件范围内找到“{”(是否缺少函数头?)
D:\VS2019\VS\VC\Tools\MSVC\14.23.28105\include\xtr1common(233,1): error C2059: 语法错误:“}”
D:\VS2019\VS\VC\Tools\MSVC\14.23.28105\include\type_traits(421,33): error C4233: 使用了非标准扩展: 仅在 C++ 中支持“__is_union”关键字，C 中不支持
D:\VS2019\VS\VC\Tools\MSVC\14.23.28105\include\type_traits(424,41): error C4233: 使用了非标准扩展: 仅在 C++ 中支持“__is_union”关键字，C 中不支持
D:\VS2019\VS\VC\Tools\MSVC\14.23.28105\include\type_traits(428,33): error C4233: 使用了非标准扩展: 仅在 C++ 中支持“__is_class”关键字，C 中不支持
D:\VS2019\VS\VC\Tools\MSVC\14.23.28105\include\type_traits(431,41): error C4233: 使用了非标准扩展: 仅在 C++ 中支持“__is_class”关键字，C 中不支持
D:\VS2019\VS\VC\Tools\MSVC\14.23.28105\include\type_traits(449,39): error C4233: 使用了非标准扩展: 仅在 C++ 中支持“__is_convertible_to”关键字，C 中不支持
D:\VS2019\VS\VC\Tools\MSVC\14.23.28105\include\type_traits(454,47): error C4233: 使用了非标准扩展: 仅在 C++ 中支持“__is_convertible_to”关键字，C 中不支持
D:\VS2019\VS\VC\Tools\MSVC\14.23.28105\include\type_traits(458,32): error C4233: 使用了非标准扩展: 仅在 C++ 中支持“__is_enum”关键字，C 中不支持
D:\VS2019\VS\VC\Tools\MSVC\14.23.28105\include\type_traits(461,40): error C4233: 使用了非标准扩展: 仅在 C++ 中支持“__is_enum”关键字，C 中不支持
D:\VS2019\VS\VC\Tools\MSVC\14.23.28105\include\type_traits(507,31): error C4233: 使用了非标准扩展: 仅在 C++ 中支持“__is_pod”关键字，C 中不支持
D:\VS2019\VS\VC\Tools\MSVC\14.23.28105\include\type_traits(510,39): error C4233: 使用了非标准扩展: 仅在 C++ 中支持“__is_pod”关键字，C 中不支持
D:\VS2019\VS\VC\Tools\MSVC\14.23.28105\include\type_traits(514,33): error C4233: 使用了非标准扩展: 仅在 C++ 中支持“__is_empty”关键字，C 中不支持
D:\VS2019\VS\VC\Tools\MSVC\14.23.28105\include\type_traits(517,41): error C4233: 使用了非标准扩展: 仅在 C++ 中支持“__is_empty”关键字，C 中不支持
D:\VS2019\VS\VC\Tools\MSVC\14.23.28105\include\type_traits(521,39): error C4233: 使用了非标准扩展: 仅在 C++ 中支持“__is_polymorphic”关键字，C 中不支持
D:\VS2019\VS\VC\Tools\MSVC\14.23.28105\include\type_traits(524,47): error C4233: 使用了非标准扩展: 仅在 C++ 中支持“__is_polymorphic”关键字，C 中不支持
D:\VS2019\VS\VC\Tools\MSVC\14.23.28105\include\type_traits(528,36): error C4233: 使用了非标准扩展: 仅在 C++ 中支持“__is_abstract”关键字，C 中不支持
D:\VS2019\VS\VC\Tools\MSVC\14.23.28105\include\type_traits(531,44): error C4233: 使用了非标准扩展: 仅在 C++ 中支持“__is_abstract”关键字，C 中不支持
D:\VS2019\VS\VC\Tools\MSVC\14.23.28105\include\type_traits(535,33): error C4233: 使用了非标准扩展: 仅在 C++ 中支持“__is_final”关键字，C 中不支持
D:\VS2019\VS\VC\Tools\MSVC\14.23.28105\include\type_traits(538,41): error C4233: 使用了非标准扩展: 仅在 C++ 中支持“__is_final”关键字，C 中不支持
D:\VS2019\VS\VC\Tools\MSVC\14.23.28105\include\type_traits(542,43): error C4233: 使用了非标准扩展: 仅在 C++ 中支持“__is_standard_layout”关键字，C 中不支持
D:\VS2019\VS\VC\Tools\MSVC\14.23.28105\include\type_traits(545,51): error C4233: 使用了非标准扩展: 仅在 C++ 中支持“__is_standard_layout”关键字，C 中不支持
D:\VS2019\VS\VC\Tools\MSVC\14.23.28105\include\type_traits(549,73): error C4233: 使用了非标准扩展: 仅在 C++ 中支持“__is_literal_type”关键字，C 中不支持
D:\VS2019\VS\VC\Tools\MSVC\14.23.28105\include\type_traits(554,81): error C4233: 使用了非标准扩展: 仅在 C++ 中支持“__is_literal_type”关键字，C 中不支持
D:\VS2019\VS\VC\Tools\MSVC\14.23.28105\include\type_traits(559,35): error C4233: 使用了非标准扩展: 仅在 C++ 中支持“__is_trivially_constructible”关键字，C 中不支持
D:\VS2019\VS\VC\Tools\MSVC\14.23.28105\include\type_traits(559,72): error C4233: 使用了非标准扩展: 仅在 C++ 中支持“__is_trivially_copyable”关键字，C 中不支持
D:\VS2019\VS\VC\Tools\MSVC\14.23.28105\include\type_traits(564,43): error C4233: 使用了非标准扩展: 仅在 C++ 中支持“__is_trivially_constructible”关键字，C 中不支持
D:\VS2019\VS\VC\Tools\MSVC\14.23.28105\include\type_traits(564,80): error C4233: 使用了非标准扩展: 仅在 C++ 中支持“__is_trivially_copyable”关键字，C 中不支持
D:\VS2019\VS\VC\Tools\MSVC\14.23.28105\include\type_traits(575,46): error C4233: 使用了非标准扩展: 仅在 C++ 中支持“__is_trivially_copyable”关键字，C 中不支持
D:\VS2019\VS\VC\Tools\MSVC\14.23.28105\include\type_traits(580,54): error C4233: 使用了非标准扩展: 仅在 C++ 中支持“__is_trivially_copyable”关键字，C 中不支持
D:\VS2019\VS\VC\Tools\MSVC\14.23.28105\include\type_traits(584,47): error C4233: 使用了非标准扩展: 仅在 C++ 中支持“__has_virtual_destructor”关键字，C 中不支持
D:\VS2019\VS\VC\Tools\MSVC\14.23.28105\include\type_traits(589,55): error C4233: 使用了非标准扩展: 仅在 C++ 中支持“__has_virtual_destructor”关键字，C 中不支持
D:\VS2019\VS\VC\Tools\MSVC\14.23.28105\include\type_traits(612,41): error C4233: 使用了非标准扩展: 仅在 C++ 中支持“__is_constructible”关键字，C 中不支持
D:\VS2019\VS\VC\Tools\MSVC\14.23.28105\include\type_traits(617,49): error C4233: 使用了非标准扩展: 仅在 C++ 中支持“__is_constructible”关键字，C 中不支持
D:\VS2019\VS\VC\Tools\MSVC\14.23.28105\include\type_traits(621,46): error C4233: 使用了非标准扩展: 仅在 C++ 中支持“__is_constructible”关键字，C 中不支持
D:\VS2019\VS\VC\Tools\MSVC\14.23.28105\include\type_traits(626,54): error C4233: 使用了非标准扩展: 仅在 C++ 中支持“__is_constructible”关键字，C 中不支持
D:\VS2019\VS\VC\Tools\MSVC\14.23.28105\include\type_traits(630,49): error C4233: 使用了非标准扩展: 仅在 C++ 中支持“__is_constructible”关键字，C 中不支持
D:\VS2019\VS\VC\Tools\MSVC\14.23.28105\include\type_traits(635,57): error C4233: 使用了非标准扩展: 仅在 C++ 中支持“__is_constructible”关键字，C 中不支持
D:\VS2019\VS\VC\Tools\MSVC\14.23.28105\include\type_traits(652,46): error C4233: 使用了非标准扩展: 仅在 C++ 中支持“__is_constructible”关键字，C 中不支持
D:\VS2019\VS\VC\Tools\MSVC\14.23.28105\include\type_traits(657,54): error C4233: 使用了非标准扩展: 仅在 C++ 中支持“__is_constructible”关键字，C 中不支持
D:\VS2019\VS\VC\Tools\MSVC\14.23.28105\include\type_traits(661,38): error C4233: 使用了非标准扩展: 仅在 C++ 中支持“__is_assignable”关键字，C 中不支持
D:\VS2019\VS\VC\Tools\MSVC\14.23.28105\include\type_traits(664,46): error C4233: 使用了非标准扩展: 仅在 C++ 中支持“__is_assignable”关键字，C 中不支持
D:\VS2019\VS\VC\Tools\MSVC\14.23.28105\include\type_traits(669,21): error C4233: 使用了非标准扩展: 仅在 C++ 中支持“__is_assignable”关键字，C 中不支持
D:\VS2019\VS\VC\Tools\MSVC\14.23.28105\include\type_traits(674,51): error C4233: 使用了非标准扩展: 仅在 C++ 中支持“__is_assignable”关键字，C 中不支持
D:\VS2019\VS\VC\Tools\MSVC\14.23.28105\include\type_traits(680,21): error C4233: 使用了非标准扩展: 仅在 C++ 中支持“__is_assignable_no_precondition_check”关键字，C 中不支持
D:\VS2019\VS\VC\Tools\MSVC\14.23.28105\include\type_traits(684,62): error C4233: 使用了非标准扩展: 仅在 C++ 中支持“__is_assignable_no_precondition_check”关键字，C 中不支持
D:\VS2019\VS\VC\Tools\MSVC\14.23.28105\include\type_traits(696,43): error C4233: 使用了非标准扩展: 仅在 C++ 中支持“__is_assignable”关键字，C 中不支持
D:\VS2019\VS\VC\Tools\MSVC\14.23.28105\include\type_traits(701,51): error C4233: 使用了非标准扩展: 仅在 C++ 中支持“__is_assignable”关键字，C 中不支持
D:\VS2019\VS\VC\Tools\MSVC\14.23.28105\include\type_traits(706,21): error C4233: 使用了非标准扩展: 仅在 C++ 中支持“__is_assignable_no_precondition_check”关键字，C 中不支持
D:\VS2019\VS\VC\Tools\MSVC\14.23.28105\include\type_traits(709,62): error C4233: 使用了非标准扩展: 仅在 C++ 中支持“__is_assignable_no_precondition_check”关键字，C 中不支持
D:\VS2019\VS\VC\Tools\MSVC\14.23.28105\include\type_traits(721,40): error C4233: 使用了非标准扩展: 仅在 C++ 中支持“__is_destructible”关键字，C 中不支持
D:\VS2019\VS\VC\Tools\MSVC\14.23.28105\include\type_traits(726,48): error C4233: 使用了非标准扩展: 仅在 C++ 中支持“__is_destructible”关键字，C 中不支持
D:\VS2019\VS\VC\Tools\MSVC\14.23.28105\include\type_traits(731,51): error C4233: 使用了非标准扩展: 仅在 C++ 中支持“__is_trivially_constructible”关键字，C 中不支持
D:\VS2019\VS\VC\Tools\MSVC\14.23.28105\include\type_traits(736,59): error C4233: 使用了非标准扩展: 仅在 C++ 中支持“__is_trivially_constructible”关键字，C 中不支持
D:\VS2019\VS\VC\Tools\MSVC\14.23.28105\include\type_traits(741,21): error C4233: 使用了非标准扩展: 仅在 C++ 中支持“__is_trivially_constructible”关键字，C 中不支持
D:\VS2019\VS\VC\Tools\MSVC\14.23.28105\include\type_traits(746,64): error C4233: 使用了非标准扩展: 仅在 C++ 中支持“__is_trivially_constructible”关键字，C 中不支持
D:\VS2019\VS\VC\Tools\MSVC\14.23.28105\include\type_traits(751,59): error C4233: 使用了非标准扩展: 仅在 C++ 中支持“__is_trivially_constructible”关键字，C 中不支持
D:\VS2019\VS\VC\Tools\MSVC\14.23.28105\include\type_traits(756,67): error C4233: 使用了非标准扩展: 仅在 C++ 中支持“__is_trivially_constructible”关键字，C 中不支持
D:\VS2019\VS\VC\Tools\MSVC\14.23.28105\include\type_traits(760,56): error C4233: 使用了非标准扩展: 仅在 C++ 中支持“__is_trivially_constructible”关键字，C 中不支持
D:\VS2019\VS\VC\Tools\MSVC\14.23.28105\include\type_traits(765,64): error C4233: 使用了非标准扩展: 仅在 C++ 中支持“__is_trivially_constructible”关键字，C 中不支持
D:\VS2019\VS\VC\Tools\MSVC\14.23.28105\include\type_traits(769,48): error C4233: 使用了非标准扩展: 仅在 C++ 中支持“__is_trivially_assignable”关键字，C 中不支持
D:\VS2019\VS\VC\Tools\MSVC\14.23.28105\include\type_traits(774,56): error C4233: 使用了非标准扩展: 仅在 C++ 中支持“__is_trivially_assignable”关键字，C 中不支持
D:\VS2019\VS\VC\Tools\MSVC\14.23.28105\include\type_traits(779,21): error C4233: 使用了非标准扩展: 仅在 C++ 中支持“__is_trivially_assignable”关键字，C 中不支持
D:\VS2019\VS\VC\Tools\MSVC\14.23.28105\include\type_traits(784,61): error C4233: 使用了非标准扩展: 仅在 C++ 中支持“__is_trivially_assignable”关键字，C 中不支持
D:\VS2019\VS\VC\Tools\MSVC\14.23.28105\include\type_traits(789,53): error C4233: 使用了非标准扩展: 仅在 C++ 中支持“__is_trivially_assignable”关键字，C 中不支持
D:\VS2019\VS\VC\Tools\MSVC\14.23.28105\include\type_traits(794,61): error C4233: 使用了非标准扩展: 仅在 C++ 中支持“__is_trivially_assignable”关键字，C 中不支持
D:\VS2019\VS\VC\Tools\MSVC\14.23.28105\include\type_traits(798,50): error C4233: 使用了非标准扩展: 仅在 C++ 中支持“__is_trivially_destructible”关键字，C 中不支持
D:\VS2019\VS\VC\Tools\MSVC\14.23.28105\include\type_traits(803,58): error C4233: 使用了非标准扩展: 仅在 C++ 中支持“__is_trivially_destructible”关键字，C 中不支持
D:\VS2019\VS\VC\Tools\MSVC\14.23.28105\include\type_traits(808,49): error C4233: 使用了非标准扩展: 仅在 C++ 中支持“__is_nothrow_constructible”关键字，C 中不支持
D:\VS2019\VS\VC\Tools\MSVC\14.23.28105\include\type_traits(813,57): error C4233: 使用了非标准扩展: 仅在 C++ 中支持“__is_nothrow_constructible”关键字，C 中不支持
D:\VS2019\VS\VC\Tools\MSVC\14.23.28105\include\type_traits(818,21): error C4233: 使用了非标准扩展: 仅在 C++ 中支持“__is_nothrow_constructible”关键字，C 中不支持
D:\VS2019\VS\VC\Tools\MSVC\14.23.28105\include\type_traits(824,62): error C4233: 使用了非标准扩展: 仅在 C++ 中支持“__is_nothrow_constructible”关键字，C 中不支持
D:\VS2019\VS\VC\Tools\MSVC\14.23.28105\include\type_traits(829,57): error C4233: 使用了非标准扩展: 仅在 C++ 中支持“__is_nothrow_constructible”关键字，C 中不支持
D:\VS2019\VS\VC\Tools\MSVC\14.23.28105\include\type_traits(834,65): error C4233: 使用了非标准扩展: 仅在 C++ 中支持“__is_nothrow_constructible”关键字，C 中不支持
D:\VS2019\VS\VC\Tools\MSVC\14.23.28105\include\type_traits(838,54): error C4233: 使用了非标准扩展: 仅在 C++ 中支持“__is_nothrow_constructible”关键字，C 中不支持
D:\VS2019\VS\VC\Tools\MSVC\14.23.28105\include\type_traits(843,62): error C4233: 使用了非标准扩展: 仅在 C++ 中支持“__is_nothrow_constructible”关键字，C 中不支持
D:\VS2019\VS\VC\Tools\MSVC\14.23.28105\include\type_traits(847,46): error C4233: 使用了非标准扩展: 仅在 C++ 中支持“__is_nothrow_assignable”关键字，C 中不支持
D:\VS2019\VS\VC\Tools\MSVC\14.23.28105\include\type_traits(852,54): error C4233: 使用了非标准扩展: 仅在 C++ 中支持“__is_nothrow_assignable”关键字，C 中不支持
D:\VS2019\VS\VC\Tools\MSVC\14.23.28105\include\type_traits(857,21): error C4233: 使用了非标准扩展: 仅在 C++ 中支持“__is_nothrow_assignable”关键字，C 中不支持
D:\VS2019\VS\VC\Tools\MSVC\14.23.28105\include\type_traits(862,59): error C4233: 使用了非标准扩展: 仅在 C++ 中支持“__is_nothrow_assignable”关键字，C 中不支持
D:\VS2019\VS\VC\Tools\MSVC\14.23.28105\include\type_traits(867,51): error C4233: 使用了非标准扩展: 仅在 C++ 中支持“__is_nothrow_assignable”关键字，C 中不支持
D:\VS2019\VS\VC\Tools\MSVC\14.23.28105\include\type_traits(872,59): error C4233: 使用了非标准扩展: 仅在 C++ 中支持“__is_nothrow_assignable”关键字，C 中不支持
D:\VS2019\VS\VC\Tools\MSVC\14.23.28105\include\type_traits(876,48): error C4233: 使用了非标准扩展: 仅在 C++ 中支持“__is_nothrow_destructible”关键字，C 中不支持
D:\VS2019\VS\VC\Tools\MSVC\14.23.28105\include\type_traits(882,56): error C4233: 使用了非标准扩展: 仅在 C++ 中支持“__is_nothrow_destructible”关键字，C 中不支持
D:\VS2019\VS\VC\Tools\MSVC\14.23.28105\include\type_traits(1130,18): error C4233: 使用了非标准扩展: 仅在 C++ 中支持“__underlying_type”关键字，C 中不支持
D:\VS2019\VS\VC\Tools\MSVC\14.23.28105\include\type_traits(1167,35): error C4233: 使用了非标准扩展: 仅在 C++ 中支持“__is_base_of”关键字，C 中不支持
D:\VS2019\VS\VC\Tools\MSVC\14.23.28105\include\type_traits(1172,43): error C4233: 使用了非标准扩展: 仅在 C++ 中支持“__is_base_of”关键字，C 中不支持
D:\VS2019\VS\VC\Tools\MSVC\14.23.28105\include\iosfwd(177,54): warning C4157: C 编译器忽略了杂注
D:\VS2019\VS\VC\Tools\MSVC\14.23.28105\include\iosfwd(182,50): warning C4157: C 编译器忽略了杂注
  正在生成代码...
D:\ZJ_Code\Project\TripleChess\Test.c(37,1): fatal error C1004: 发现意外的文件尾
